{"uuid":"0c1af80e-dcbb-43ff-a5f1-126353fbf028","historyId":"1b891af236ce36ecc6ca9b709362df18","testCaseId":"5e9fb8ef3fc604b776cc82ec7f1a28a1","fullName":"src/test/resources/Feature files/Queue.feature:106","labels":[{"name":"tag","value":"queue"},{"name":"tag","value":"DsAlgo"},{"name":"tag","value":"ImpArrayTryEditorFunc"},{"name":"host","value":"MyGenie"},{"name":"thread","value":"9252@MyGenie.TestNG-PoolService-3(52)"},{"name":"feature","value":"Queue Module"},{"name":"story","value":"Implementation using array TryEditor Functionality"},{"name":"suite","value":"Queue Module"},{"name":"testClass","value":"Implementation using array TryEditor Functionality"},{"name":"framework","value":"cucumber4jvm"},{"name":"language","value":"java"},{"name":"gherkin_uri","value":"file:///C:/Users/madhu/OneDrive/Desktop/SDET/AS_BDD/src/test/resources/Feature%20files/Queue.feature"},{"name":"package","value":"src.test.resources.Feature files.Queue_feature.Queue Module"}],"links":[],"name":"Implementation using array TryEditor Functionality","status":"broken","statusDetails":{"known":false,"muted":false,"flaky":false,"message":"Expected condition failed: waiting for alert to be present (tried for 10 second(s) with 500 milliseconds interval)\nBuild info: version: '4.27.0', revision: 'd6e718d134'\nSystem info: os.name: 'Windows 11', os.arch: 'amd64', os.version: '10.0', java.version: '21.0.5'\nDriver info: org.openqa.selenium.chrome.ChromeDriver\nCapabilities {acceptInsecureCerts: false, browserName: chrome, browserVersion: 131.0.6778.205, chrome: {chromedriverVersion: 131.0.6778.204 (52183f9e99a..., userDataDir: C:\\Users\\madhu\\AppData\\Loca...}, fedcm:accounts: true, goog:chromeOptions: {debuggerAddress: localhost:59660}, networkConnectionEnabled: false, pageLoadStrategy: normal, platformName: windows, proxy: Proxy(), se:cdp: ws://localhost:59660/devtoo..., se:cdpVersion: 131.0.6778.205, setWindowRect: true, strictFileInteractability: false, timeouts: {implicit: 0, pageLoad: 300000, script: 30000}, unhandledPromptBehavior: dismiss and notify, webauthn:extension:credBlob: true, webauthn:extension:largeBlob: true, webauthn:extension:minPinLength: true, webauthn:extension:prf: true, webauthn:virtualAuthenticators: true}\nSession ID: d23a5bef35fabeb5d21aa3cee792bb5b","trace":"org.openqa.selenium.TimeoutException: Expected condition failed: waiting for alert to be present (tried for 10 second(s) with 500 milliseconds interval)\nBuild info: version: '4.27.0', revision: 'd6e718d134'\nSystem info: os.name: 'Windows 11', os.arch: 'amd64', os.version: '10.0', java.version: '21.0.5'\nDriver info: org.openqa.selenium.chrome.ChromeDriver\nCapabilities {acceptInsecureCerts: false, browserName: chrome, browserVersion: 131.0.6778.205, chrome: {chromedriverVersion: 131.0.6778.204 (52183f9e99a..., userDataDir: C:\\Users\\madhu\\AppData\\Loca...}, fedcm:accounts: true, goog:chromeOptions: {debuggerAddress: localhost:59660}, networkConnectionEnabled: false, pageLoadStrategy: normal, platformName: windows, proxy: Proxy(), se:cdp: ws://localhost:59660/devtoo..., se:cdpVersion: 131.0.6778.205, setWindowRect: true, strictFileInteractability: false, timeouts: {implicit: 0, pageLoad: 300000, script: 30000}, unhandledPromptBehavior: dismiss and notify, webauthn:extension:credBlob: true, webauthn:extension:largeBlob: true, webauthn:extension:minPinLength: true, webauthn:extension:prf: true, webauthn:virtualAuthenticators: true}\nSession ID: d23a5bef35fabeb5d21aa3cee792bb5b\r\n\tat org.openqa.selenium.support.ui.WebDriverWait.timeoutException(WebDriverWait.java:84)\r\n\tat org.openqa.selenium.support.ui.FluentWait.until(FluentWait.java:228)\r\n\tat pages.Tree_Page.IsAlertPresent(Tree_Page.java:98)\r\n\tat stepDefinitions.Tree_Step.the_error_message_in_alert_window_should_be_displayed(Tree_Step.java:89)\r\n\tat ✽.The Error message in alert window should be displayed(file:///C:/Users/madhu/OneDrive/Desktop/SDET/AS_BDD/src/test/resources/Feature%20files/Queue.feature:102)\r\n"},"stage":"finished","steps":[{"name":"Given The user logged in to dsAlgo Portal and should be in Queue Page","status":"passed","statusDetails":{"known":false,"muted":false,"flaky":false},"stage":"finished","steps":[],"attachments":[],"parameters":[],"start":1734847108790,"stop":1734847117169},{"name":"Given The user is on the Try Editor implementation using array page","status":"passed","statusDetails":{"known":false,"muted":false,"flaky":false},"stage":"finished","steps":[],"attachments":[],"parameters":[],"start":1734847117169,"stop":1734847121204},{"name":"When The user enters the Empty in Text Editor and clicks RUN button","status":"passed","statusDetails":{"known":false,"muted":false,"flaky":false},"stage":"finished","steps":[],"attachments":[],"parameters":[],"start":1734847121204,"stop":1734847122925},{"name":"Then The Error message in alert window should be displayed","status":"broken","statusDetails":{"known":false,"muted":false,"flaky":false,"message":"Expected condition failed: waiting for alert to be present (tried for 10 second(s) with 500 milliseconds interval)\nBuild info: version: '4.27.0', revision: 'd6e718d134'\nSystem info: os.name: 'Windows 11', os.arch: 'amd64', os.version: '10.0', java.version: '21.0.5'\nDriver info: org.openqa.selenium.chrome.ChromeDriver\nCapabilities {acceptInsecureCerts: false, browserName: chrome, browserVersion: 131.0.6778.205, chrome: {chromedriverVersion: 131.0.6778.204 (52183f9e99a..., userDataDir: C:\\Users\\madhu\\AppData\\Loca...}, fedcm:accounts: true, goog:chromeOptions: {debuggerAddress: localhost:59660}, networkConnectionEnabled: false, pageLoadStrategy: normal, platformName: windows, proxy: Proxy(), se:cdp: ws://localhost:59660/devtoo..., se:cdpVersion: 131.0.6778.205, setWindowRect: true, strictFileInteractability: false, timeouts: {implicit: 0, pageLoad: 300000, script: 30000}, unhandledPromptBehavior: dismiss and notify, webauthn:extension:credBlob: true, webauthn:extension:largeBlob: true, webauthn:extension:minPinLength: true, webauthn:extension:prf: true, webauthn:virtualAuthenticators: true}\nSession ID: d23a5bef35fabeb5d21aa3cee792bb5b","trace":"org.openqa.selenium.TimeoutException: Expected condition failed: waiting for alert to be present (tried for 10 second(s) with 500 milliseconds interval)\nBuild info: version: '4.27.0', revision: 'd6e718d134'\nSystem info: os.name: 'Windows 11', os.arch: 'amd64', os.version: '10.0', java.version: '21.0.5'\nDriver info: org.openqa.selenium.chrome.ChromeDriver\nCapabilities {acceptInsecureCerts: false, browserName: chrome, browserVersion: 131.0.6778.205, chrome: {chromedriverVersion: 131.0.6778.204 (52183f9e99a..., userDataDir: C:\\Users\\madhu\\AppData\\Loca...}, fedcm:accounts: true, goog:chromeOptions: {debuggerAddress: localhost:59660}, networkConnectionEnabled: false, pageLoadStrategy: normal, platformName: windows, proxy: Proxy(), se:cdp: ws://localhost:59660/devtoo..., se:cdpVersion: 131.0.6778.205, setWindowRect: true, strictFileInteractability: false, timeouts: {implicit: 0, pageLoad: 300000, script: 30000}, unhandledPromptBehavior: dismiss and notify, webauthn:extension:credBlob: true, webauthn:extension:largeBlob: true, webauthn:extension:minPinLength: true, webauthn:extension:prf: true, webauthn:virtualAuthenticators: true}\nSession ID: d23a5bef35fabeb5d21aa3cee792bb5b\r\n\tat org.openqa.selenium.support.ui.WebDriverWait.timeoutException(WebDriverWait.java:84)\r\n\tat org.openqa.selenium.support.ui.FluentWait.until(FluentWait.java:228)\r\n\tat pages.Tree_Page.IsAlertPresent(Tree_Page.java:98)\r\n\tat stepDefinitions.Tree_Step.the_error_message_in_alert_window_should_be_displayed(Tree_Step.java:89)\r\n\tat ✽.The Error message in alert window should be displayed(file:///C:/Users/madhu/OneDrive/Desktop/SDET/AS_BDD/src/test/resources/Feature%20files/Queue.feature:102)\r\n"},"stage":"finished","steps":[],"attachments":[],"parameters":[],"start":1734847122925,"stop":1734847132975}],"attachments":[],"parameters":[{"name":"code","value":"Empty"},{"name":"alert","value":"Error message in alert window"}],"start":1734847103735,"stop":1734847133641}