{"uuid":"a914f6e9-b076-401d-9d28-49a47cfe96a2","historyId":"a73e2c9c754584527ccf863f04293757","testCaseId":"76d6be7e4081ddacc29bff8ea853cd2d","fullName":"src/test/resources/Feature files/Array.feature:176","labels":[{"name":"tag","value":"Array"},{"name":"tag","value":"DsAlgo"},{"name":"tag","value":"ques2Sub"},{"name":"host","value":"MyGenie"},{"name":"thread","value":"9252@MyGenie.TestNG-PoolService-5(6617)"},{"name":"feature","value":"Array Module"},{"name":"story","value":"Max Cons Ones Question Page with Valid code for Submit button"},{"name":"suite","value":"Array Module"},{"name":"testClass","value":"Max Cons Ones Question Page with Valid code for Submit button"},{"name":"framework","value":"cucumber4jvm"},{"name":"language","value":"java"},{"name":"gherkin_uri","value":"file:///C:/Users/madhu/OneDrive/Desktop/SDET/AS_BDD/src/test/resources/Feature%20files/Array.feature"},{"name":"package","value":"src.test.resources.Feature files.Array_feature.Array Module"}],"links":[],"name":"Max Cons Ones Question Page with Valid code for Submit button","status":"failed","statusDetails":{"known":false,"muted":false,"flaky":false,"message":"expected [submission success] but found [ Some Tests failed. Please review code]","trace":"java.lang.AssertionError: expected [submission success] but found [ Some Tests failed. Please review code]\r\n\tat org.testng.Assert.fail(Assert.java:111)\r\n\tat org.testng.Assert.failNotEquals(Assert.java:1578)\r\n\tat org.testng.Assert.assertEqualsImpl(Assert.java:150)\r\n\tat org.testng.Assert.assertEquals(Assert.java:132)\r\n\tat org.testng.Assert.assertEquals(Assert.java:656)\r\n\tat org.testng.Assert.assertEquals(Assert.java:666)\r\n\tat stepDefinitions.Array_Step.the_submission_success_should_be_displayed(Array_Step.java:242)\r\n\tat ✽.the submission success should be displayed(file:///C:/Users/madhu/OneDrive/Desktop/SDET/AS_BDD/src/test/resources/Feature%20files/Array.feature:179)\r\n"},"stage":"finished","steps":[{"name":"Given The user logged in to dsAlgo Portal and should be in Array Page","status":"passed","statusDetails":{"known":false,"muted":false,"flaky":false},"stage":"finished","steps":[],"attachments":[],"parameters":[],"start":1734847772331,"stop":1734847775796},{"name":"Given the user is in the Max Cons Ones Question page","status":"passed","statusDetails":{"known":false,"muted":false,"flaky":false},"stage":"finished","steps":[],"attachments":[],"parameters":[],"start":1734847775796,"stop":1734847780336},{"name":"When user enters valid code in Max Cons Ones and clickd Submit Button","status":"passed","statusDetails":{"known":false,"muted":false,"flaky":false},"stage":"finished","steps":[],"attachments":[],"parameters":[],"start":1734847780337,"stop":1734847783683},{"name":"Then the submission success should be displayed","status":"failed","statusDetails":{"known":false,"muted":false,"flaky":false,"message":"expected [submission success] but found [ Some Tests failed. Please review code]","trace":"java.lang.AssertionError: expected [submission success] but found [ Some Tests failed. Please review code]\r\n\tat org.testng.Assert.fail(Assert.java:111)\r\n\tat org.testng.Assert.failNotEquals(Assert.java:1578)\r\n\tat org.testng.Assert.assertEqualsImpl(Assert.java:150)\r\n\tat org.testng.Assert.assertEquals(Assert.java:132)\r\n\tat org.testng.Assert.assertEquals(Assert.java:656)\r\n\tat org.testng.Assert.assertEquals(Assert.java:666)\r\n\tat stepDefinitions.Array_Step.the_submission_success_should_be_displayed(Array_Step.java:242)\r\n\tat ✽.the submission success should be displayed(file:///C:/Users/madhu/OneDrive/Desktop/SDET/AS_BDD/src/test/resources/Feature%20files/Array.feature:179)\r\n"},"stage":"finished","steps":[],"attachments":[],"parameters":[],"start":1734847783683,"stop":1734847784381}],"attachments":[],"parameters":[],"start":1734847759765,"stop":1734847788924}