{"uuid":"ab83595d-3a71-47c8-8276-bfdbb2c753e6","historyId":"33215c285acf4b6bdb5bdfab8f628f39","testCaseId":"515aec4b3db77c52ec37600f402bdc5d","fullName":"src/test/resources/Feature files/Array.feature:204","labels":[{"name":"tag","value":"Array"},{"name":"tag","value":"DsAlgo"},{"name":"tag","value":"ques4Sub"},{"name":"host","value":"MyGenie"},{"name":"thread","value":"70912@MyGenie.TestNG-PoolService-7(56)"},{"name":"feature","value":"Array Module"},{"name":"story","value":"Sq of Sorted Array Question Page with Valid code for Submit button"},{"name":"suite","value":"Array Module"},{"name":"testClass","value":"Sq of Sorted Array Question Page with Valid code for Submit button"},{"name":"framework","value":"cucumber4jvm"},{"name":"language","value":"java"},{"name":"gherkin_uri","value":"file:///C:/Users/madhu/OneDrive/Desktop/SDET/AS_BDD/src/test/resources/Feature%20files/Array.feature"},{"name":"package","value":"src.test.resources.Feature files.Array_feature.Array Module"}],"links":[],"name":"Sq of Sorted Array Question Page with Valid code for Submit button","status":"failed","statusDetails":{"known":false,"muted":false,"flaky":false,"message":"expected [submission success] but found [ No tests were collected]","trace":"java.lang.AssertionError: expected [submission success] but found [ No tests were collected]\r\n\tat org.testng.Assert.fail(Assert.java:111)\r\n\tat org.testng.Assert.failNotEquals(Assert.java:1578)\r\n\tat org.testng.Assert.assertEqualsImpl(Assert.java:150)\r\n\tat org.testng.Assert.assertEquals(Assert.java:132)\r\n\tat org.testng.Assert.assertEquals(Assert.java:656)\r\n\tat org.testng.Assert.assertEquals(Assert.java:666)\r\n\tat stepDefinitions.Array_Step.the_submission_success_should_be_displayed(Array_Step.java:242)\r\n\tat ✽.the submission success should be displayed(file:///C:/Users/madhu/OneDrive/Desktop/SDET/AS_BDD/src/test/resources/Feature%20files/Array.feature:207)\r\n"},"stage":"finished","steps":[{"name":"Given The user logged in to dsAlgo Portal and should be in Array Page","status":"passed","statusDetails":{"known":false,"muted":false,"flaky":false},"stage":"finished","steps":[],"attachments":[],"parameters":[],"start":1734852555243,"stop":1734852560227},{"name":"Given the user is in the Sq of Sorted Array Question page","status":"passed","statusDetails":{"known":false,"muted":false,"flaky":false},"stage":"finished","steps":[],"attachments":[],"parameters":[],"start":1734852560227,"stop":1734852564142},{"name":"When user enters valid code in Sq of Sorted Array and clickd Submit Button","status":"passed","statusDetails":{"known":false,"muted":false,"flaky":false},"stage":"finished","steps":[],"attachments":[],"parameters":[],"start":1734852564142,"stop":1734852571542},{"name":"Then the submission success should be displayed","status":"failed","statusDetails":{"known":false,"muted":false,"flaky":false,"message":"expected [submission success] but found [ No tests were collected]","trace":"java.lang.AssertionError: expected [submission success] but found [ No tests were collected]\r\n\tat org.testng.Assert.fail(Assert.java:111)\r\n\tat org.testng.Assert.failNotEquals(Assert.java:1578)\r\n\tat org.testng.Assert.assertEqualsImpl(Assert.java:150)\r\n\tat org.testng.Assert.assertEquals(Assert.java:132)\r\n\tat org.testng.Assert.assertEquals(Assert.java:656)\r\n\tat org.testng.Assert.assertEquals(Assert.java:666)\r\n\tat stepDefinitions.Array_Step.the_submission_success_should_be_displayed(Array_Step.java:242)\r\n\tat ✽.the submission success should be displayed(file:///C:/Users/madhu/OneDrive/Desktop/SDET/AS_BDD/src/test/resources/Feature%20files/Array.feature:207)\r\n"},"stage":"finished","steps":[],"attachments":[],"parameters":[],"start":1734852571542,"stop":1734852572534}],"attachments":[],"parameters":[],"start":1734852551202,"stop":1734852573204}