{"uuid":"ac9e689d-c082-4b7f-9463-35f40810a663","historyId":"33215c285acf4b6bdb5bdfab8f628f39","testCaseId":"515aec4b3db77c52ec37600f402bdc5d","fullName":"src/test/resources/Feature files/Array.feature:204","labels":[{"name":"tag","value":"Array"},{"name":"tag","value":"DsAlgo"},{"name":"tag","value":"ques4Sub"},{"name":"host","value":"MyGenie"},{"name":"thread","value":"70912@MyGenie.TestNG-PoolService-7(56)"},{"name":"feature","value":"Array Module"},{"name":"story","value":"Sq of Sorted Array Question Page with Valid code for Submit button"},{"name":"suite","value":"Array Module"},{"name":"testClass","value":"Sq of Sorted Array Question Page with Valid code for Submit button"},{"name":"framework","value":"cucumber4jvm"},{"name":"language","value":"java"},{"name":"gherkin_uri","value":"file:///C:/Users/madhu/OneDrive/Desktop/SDET/AS_BDD/src/test/resources/Feature%20files/Array.feature"},{"name":"package","value":"src.test.resources.Feature files.Array_feature.Array Module"}],"links":[],"name":"Sq of Sorted Array Question Page with Valid code for Submit button","status":"failed","statusDetails":{"known":false,"muted":false,"flaky":false,"message":"expected [submission success] but found [ No tests were collected]","trace":"java.lang.AssertionError: expected [submission success] but found [ No tests were collected]\r\n\tat org.testng.Assert.fail(Assert.java:111)\r\n\tat org.testng.Assert.failNotEquals(Assert.java:1578)\r\n\tat org.testng.Assert.assertEqualsImpl(Assert.java:150)\r\n\tat org.testng.Assert.assertEquals(Assert.java:132)\r\n\tat org.testng.Assert.assertEquals(Assert.java:656)\r\n\tat org.testng.Assert.assertEquals(Assert.java:666)\r\n\tat stepDefinitions.Array_Step.the_submission_success_should_be_displayed(Array_Step.java:242)\r\n\tat ✽.the submission success should be displayed(file:///C:/Users/madhu/OneDrive/Desktop/SDET/AS_BDD/src/test/resources/Feature%20files/Array.feature:207)\r\n"},"stage":"finished","steps":[{"name":"Given The user logged in to dsAlgo Portal and should be in Array Page","status":"passed","statusDetails":{"known":false,"muted":false,"flaky":false},"stage":"finished","steps":[],"attachments":[],"parameters":[],"start":1734852533883,"stop":1734852537358},{"name":"Given the user is in the Sq of Sorted Array Question page","status":"passed","statusDetails":{"known":false,"muted":false,"flaky":false},"stage":"finished","steps":[],"attachments":[],"parameters":[],"start":1734852537359,"stop":1734852539909},{"name":"When user enters valid code in Sq of Sorted Array and clickd Submit Button","status":"passed","statusDetails":{"known":false,"muted":false,"flaky":false},"stage":"finished","steps":[],"attachments":[],"parameters":[],"start":1734852539910,"stop":1734852549548},{"name":"Then the submission success should be displayed","status":"failed","statusDetails":{"known":false,"muted":false,"flaky":false,"message":"expected [submission success] but found [ No tests were collected]","trace":"java.lang.AssertionError: expected [submission success] but found [ No tests were collected]\r\n\tat org.testng.Assert.fail(Assert.java:111)\r\n\tat org.testng.Assert.failNotEquals(Assert.java:1578)\r\n\tat org.testng.Assert.assertEqualsImpl(Assert.java:150)\r\n\tat org.testng.Assert.assertEquals(Assert.java:132)\r\n\tat org.testng.Assert.assertEquals(Assert.java:656)\r\n\tat org.testng.Assert.assertEquals(Assert.java:666)\r\n\tat stepDefinitions.Array_Step.the_submission_success_should_be_displayed(Array_Step.java:242)\r\n\tat ✽.the submission success should be displayed(file:///C:/Users/madhu/OneDrive/Desktop/SDET/AS_BDD/src/test/resources/Feature%20files/Array.feature:207)\r\n"},"stage":"finished","steps":[],"attachments":[],"parameters":[],"start":1734852549548,"stop":1734852550477}],"attachments":[],"parameters":[],"start":1734852530816,"stop":1734852551186}