{"uuid":"d907c976-5534-4eec-977a-63e2624cbf91","historyId":"6d23e6ad4ef75da3514b47612440a214","testCaseId":"38f8487e8cba94211cc90e2728f56f7f","fullName":"src/test/resources/Feature files/Array.feature:45","labels":[{"name":"tag","value":"Array"},{"name":"tag","value":"DsAlgo"},{"name":"tag","value":"ArrayPythonTryEditorFunc"},{"name":"host","value":"MyGenie"},{"name":"thread","value":"9252@MyGenie.TestNG-PoolService-6(12887)"},{"name":"feature","value":"Array Module"},{"name":"story","value":"Arrays in Python TryEditor Functionality"},{"name":"suite","value":"Array Module"},{"name":"testClass","value":"Arrays in Python TryEditor Functionality"},{"name":"framework","value":"cucumber4jvm"},{"name":"language","value":"java"},{"name":"gherkin_uri","value":"file:///C:/Users/madhu/OneDrive/Desktop/SDET/AS_BDD/src/test/resources/Feature%20files/Array.feature"},{"name":"package","value":"src.test.resources.Feature files.Array_feature.Array Module"}],"links":[],"name":"Arrays in Python TryEditor Functionality","status":"broken","statusDetails":{"known":false,"muted":false,"flaky":false,"message":"Expected condition failed: waiting for alert to be present (tried for 10 second(s) with 500 milliseconds interval)\nBuild info: version: '4.27.0', revision: 'd6e718d134'\nSystem info: os.name: 'Windows 11', os.arch: 'amd64', os.version: '10.0', java.version: '21.0.5'\nDriver info: org.openqa.selenium.edge.EdgeDriver\nCapabilities {acceptInsecureCerts: false, browserName: MicrosoftEdge, browserVersion: 131.0.2903.112, fedcm:accounts: true, ms:edgeOptions: {debuggerAddress: localhost:56513}, msedge: {msedgedriverVersion: 131.0.2903.112 (16ab910a6e7..., userDataDir: C:\\Users\\madhu\\AppData\\Loca...}, networkConnectionEnabled: false, pageLoadStrategy: normal, platformName: windows, proxy: Proxy(), se:cdp: ws://localhost:56513/devtoo..., se:cdpVersion: 131.0.2903.112, setWindowRect: true, strictFileInteractability: false, timeouts: {implicit: 0, pageLoad: 300000, script: 30000}, unhandledPromptBehavior: dismiss and notify, webauthn:extension:credBlob: true, webauthn:extension:largeBlob: true, webauthn:extension:minPinLength: true, webauthn:extension:prf: true, webauthn:virtualAuthenticators: true}\nSession ID: 79cf836933ef3311a935a0376d493814","trace":"org.openqa.selenium.TimeoutException: Expected condition failed: waiting for alert to be present (tried for 10 second(s) with 500 milliseconds interval)\nBuild info: version: '4.27.0', revision: 'd6e718d134'\nSystem info: os.name: 'Windows 11', os.arch: 'amd64', os.version: '10.0', java.version: '21.0.5'\nDriver info: org.openqa.selenium.edge.EdgeDriver\nCapabilities {acceptInsecureCerts: false, browserName: MicrosoftEdge, browserVersion: 131.0.2903.112, fedcm:accounts: true, ms:edgeOptions: {debuggerAddress: localhost:56513}, msedge: {msedgedriverVersion: 131.0.2903.112 (16ab910a6e7..., userDataDir: C:\\Users\\madhu\\AppData\\Loca...}, networkConnectionEnabled: false, pageLoadStrategy: normal, platformName: windows, proxy: Proxy(), se:cdp: ws://localhost:56513/devtoo..., se:cdpVersion: 131.0.2903.112, setWindowRect: true, strictFileInteractability: false, timeouts: {implicit: 0, pageLoad: 300000, script: 30000}, unhandledPromptBehavior: dismiss and notify, webauthn:extension:credBlob: true, webauthn:extension:largeBlob: true, webauthn:extension:minPinLength: true, webauthn:extension:prf: true, webauthn:virtualAuthenticators: true}\nSession ID: 79cf836933ef3311a935a0376d493814\r\n\tat org.openqa.selenium.support.ui.WebDriverWait.timeoutException(WebDriverWait.java:84)\r\n\tat org.openqa.selenium.support.ui.FluentWait.until(FluentWait.java:228)\r\n\tat pages.Tree_Page.IsAlertPresent(Tree_Page.java:98)\r\n\tat stepDefinitions.Tree_Step.the_error_message_in_alert_window_should_be_displayed(Tree_Step.java:89)\r\n\tat ✽.The Error message in alert window should be displayed(file:///C:/Users/madhu/OneDrive/Desktop/SDET/AS_BDD/src/test/resources/Feature%20files/Array.feature:41)\r\n"},"stage":"finished","steps":[{"name":"Given The user logged in to dsAlgo Portal and should be in Array Page","status":"passed","statusDetails":{"known":false,"muted":false,"flaky":false},"stage":"finished","steps":[],"attachments":[],"parameters":[],"start":1734848718920,"stop":1734848728100},{"name":"Given The user is on the Try Editor of Arrays in Python page","status":"passed","statusDetails":{"known":false,"muted":false,"flaky":false},"stage":"finished","steps":[],"attachments":[],"parameters":[],"start":1734848728100,"stop":1734848731942},{"name":"When The user enters the Empty in Text Editor and clicks RUN button","status":"passed","statusDetails":{"known":false,"muted":false,"flaky":false},"stage":"finished","steps":[],"attachments":[],"parameters":[],"start":1734848731942,"stop":1734848732589},{"name":"Then The Error message in alert window should be displayed","status":"broken","statusDetails":{"known":false,"muted":false,"flaky":false,"message":"Expected condition failed: waiting for alert to be present (tried for 10 second(s) with 500 milliseconds interval)\nBuild info: version: '4.27.0', revision: 'd6e718d134'\nSystem info: os.name: 'Windows 11', os.arch: 'amd64', os.version: '10.0', java.version: '21.0.5'\nDriver info: org.openqa.selenium.edge.EdgeDriver\nCapabilities {acceptInsecureCerts: false, browserName: MicrosoftEdge, browserVersion: 131.0.2903.112, fedcm:accounts: true, ms:edgeOptions: {debuggerAddress: localhost:56513}, msedge: {msedgedriverVersion: 131.0.2903.112 (16ab910a6e7..., userDataDir: C:\\Users\\madhu\\AppData\\Loca...}, networkConnectionEnabled: false, pageLoadStrategy: normal, platformName: windows, proxy: Proxy(), se:cdp: ws://localhost:56513/devtoo..., se:cdpVersion: 131.0.2903.112, setWindowRect: true, strictFileInteractability: false, timeouts: {implicit: 0, pageLoad: 300000, script: 30000}, unhandledPromptBehavior: dismiss and notify, webauthn:extension:credBlob: true, webauthn:extension:largeBlob: true, webauthn:extension:minPinLength: true, webauthn:extension:prf: true, webauthn:virtualAuthenticators: true}\nSession ID: 79cf836933ef3311a935a0376d493814","trace":"org.openqa.selenium.TimeoutException: Expected condition failed: waiting for alert to be present (tried for 10 second(s) with 500 milliseconds interval)\nBuild info: version: '4.27.0', revision: 'd6e718d134'\nSystem info: os.name: 'Windows 11', os.arch: 'amd64', os.version: '10.0', java.version: '21.0.5'\nDriver info: org.openqa.selenium.edge.EdgeDriver\nCapabilities {acceptInsecureCerts: false, browserName: MicrosoftEdge, browserVersion: 131.0.2903.112, fedcm:accounts: true, ms:edgeOptions: {debuggerAddress: localhost:56513}, msedge: {msedgedriverVersion: 131.0.2903.112 (16ab910a6e7..., userDataDir: C:\\Users\\madhu\\AppData\\Loca...}, networkConnectionEnabled: false, pageLoadStrategy: normal, platformName: windows, proxy: Proxy(), se:cdp: ws://localhost:56513/devtoo..., se:cdpVersion: 131.0.2903.112, setWindowRect: true, strictFileInteractability: false, timeouts: {implicit: 0, pageLoad: 300000, script: 30000}, unhandledPromptBehavior: dismiss and notify, webauthn:extension:credBlob: true, webauthn:extension:largeBlob: true, webauthn:extension:minPinLength: true, webauthn:extension:prf: true, webauthn:virtualAuthenticators: true}\nSession ID: 79cf836933ef3311a935a0376d493814\r\n\tat org.openqa.selenium.support.ui.WebDriverWait.timeoutException(WebDriverWait.java:84)\r\n\tat org.openqa.selenium.support.ui.FluentWait.until(FluentWait.java:228)\r\n\tat pages.Tree_Page.IsAlertPresent(Tree_Page.java:98)\r\n\tat stepDefinitions.Tree_Step.the_error_message_in_alert_window_should_be_displayed(Tree_Step.java:89)\r\n\tat ✽.The Error message in alert window should be displayed(file:///C:/Users/madhu/OneDrive/Desktop/SDET/AS_BDD/src/test/resources/Feature%20files/Array.feature:41)\r\n"},"stage":"finished","steps":[],"attachments":[],"parameters":[],"start":1734848732589,"stop":1734848743075}],"attachments":[],"parameters":[{"name":"code","value":"Empty"},{"name":"alert","value":"Error message in alert window"}],"start":1734848703725,"stop":1734848745250}