{"uuid":"df84fe4d-7d41-4e80-8510-ac7772dfb054","historyId":"2415f2c8d596420c37ee2b2a52e98d42","testCaseId":"8745513176616518403ef0daed036412","fullName":"src/test/resources/Feature files/Array.feature:162","labels":[{"name":"tag","value":"Array"},{"name":"tag","value":"DsAlgo"},{"name":"tag","value":"ques1Sub"},{"name":"host","value":"MyGenie"},{"name":"thread","value":"65316@MyGenie.TestNG-PoolService-3(52)"},{"name":"feature","value":"Array Module"},{"name":"story","value":"Search the Array Question Page with Valid code for Submit button"},{"name":"suite","value":"Array Module"},{"name":"testClass","value":"Search the Array Question Page with Valid code for Submit button"},{"name":"framework","value":"cucumber4jvm"},{"name":"language","value":"java"},{"name":"gherkin_uri","value":"file:///C:/Users/madhu/OneDrive/Desktop/SDET/AS_BDD/src/test/resources/Feature%20files/Array.feature"},{"name":"package","value":"src.test.resources.Feature files.Array_feature.Array Module"}],"links":[],"name":"Search the Array Question Page with Valid code for Submit button","status":"failed","statusDetails":{"known":false,"muted":false,"flaky":false,"message":"expected [submission success] but found [ Some Tests failed. Please review code]","trace":"java.lang.AssertionError: expected [submission success] but found [ Some Tests failed. Please review code]\r\n\tat org.testng.Assert.fail(Assert.java:111)\r\n\tat org.testng.Assert.failNotEquals(Assert.java:1578)\r\n\tat org.testng.Assert.assertEqualsImpl(Assert.java:150)\r\n\tat org.testng.Assert.assertEquals(Assert.java:132)\r\n\tat org.testng.Assert.assertEquals(Assert.java:656)\r\n\tat org.testng.Assert.assertEquals(Assert.java:666)\r\n\tat stepDefinitions.Array_Step.the_submission_success_should_be_displayed(Array_Step.java:242)\r\n\tat ✽.the submission success should be displayed(file:///C:/Users/madhu/OneDrive/Desktop/SDET/AS_BDD/src/test/resources/Feature%20files/Array.feature:165)\r\n"},"stage":"finished","steps":[{"name":"Given The user logged in to dsAlgo Portal and should be in Array Page","status":"passed","statusDetails":{"known":false,"muted":false,"flaky":false},"stage":"finished","steps":[],"attachments":[],"parameters":[],"start":1734850526840,"stop":1734850533202},{"name":"Given the user is in the Search the Array Question page","status":"passed","statusDetails":{"known":false,"muted":false,"flaky":false},"stage":"finished","steps":[],"attachments":[],"parameters":[],"start":1734850533202,"stop":1734850537379},{"name":"When user enters valid code in Search The Array and clickd Submit Button","status":"passed","statusDetails":{"known":false,"muted":false,"flaky":false},"stage":"finished","steps":[],"attachments":[],"parameters":[],"start":1734850537379,"stop":1734850543975},{"name":"Then the submission success should be displayed","status":"failed","statusDetails":{"known":false,"muted":false,"flaky":false,"message":"expected [submission success] but found [ Some Tests failed. Please review code]","trace":"java.lang.AssertionError: expected [submission success] but found [ Some Tests failed. Please review code]\r\n\tat org.testng.Assert.fail(Assert.java:111)\r\n\tat org.testng.Assert.failNotEquals(Assert.java:1578)\r\n\tat org.testng.Assert.assertEqualsImpl(Assert.java:150)\r\n\tat org.testng.Assert.assertEquals(Assert.java:132)\r\n\tat org.testng.Assert.assertEquals(Assert.java:656)\r\n\tat org.testng.Assert.assertEquals(Assert.java:666)\r\n\tat stepDefinitions.Array_Step.the_submission_success_should_be_displayed(Array_Step.java:242)\r\n\tat ✽.the submission success should be displayed(file:///C:/Users/madhu/OneDrive/Desktop/SDET/AS_BDD/src/test/resources/Feature%20files/Array.feature:165)\r\n"},"stage":"finished","steps":[],"attachments":[],"parameters":[],"start":1734850543975,"stop":1734850544751}],"attachments":[],"parameters":[],"start":1734850522609,"stop":1734850545270}